Flow report for DE2Gen1x1If64
Tue Oct 17 14:12:20 2017
Quartus Prime Version 17.0.0 Build 595 04/25/2017 SJ Standard Edition


---------------------
; Table of Contents ;
---------------------
  1. Legal Notice
  2. Flow Summary
  3. Flow Settings
  4. Flow Non-Default Global Settings
  5. Flow Elapsed Time
  6. Flow OS Summary
  7. Flow Log
  8. Flow Messages
  9. Flow Suppressed Messages



----------------
; Legal Notice ;
----------------
Copyright (C) 2017  Intel Corporation. All rights reserved.
Your use of Intel Corporation's design tools, logic functions 
and other software and tools, and its AMPP partner logic 
functions, and any output files from any of the foregoing 
(including device programming or simulation files), and any 
associated documentation or information are expressly subject 
to the terms and conditions of the Intel Program License 
Subscription Agreement, the Intel Quartus Prime License Agreement,
the Intel MegaCore Function License Agreement, or other 
applicable license agreement, including, without limitation, 
that your use is for the sole purpose of programming logic 
devices manufactured by Intel and sold by Intel or its 
authorized distributors.  Please refer to the applicable 
agreement for further details.



+--------------------------------------------------------------------------------------+
; Flow Summary                                                                         ;
+------------------------------------+-------------------------------------------------+
; Flow Status                        ; Successful - Tue Oct 17 14:12:20 2017           ;
; Quartus Prime Version              ; 17.0.0 Build 595 04/25/2017 SJ Standard Edition ;
; Revision Name                      ; DE2Gen1x1If64                                   ;
; Top-level Entity Name              ; control_unit_platedetection                     ;
; Family                             ; Cyclone IV GX                                   ;
; Device                             ; EP4CGX150DF31C7                                 ;
; Timing Models                      ; Final                                           ;
; Total logic elements               ; 11,747 / 149,760 ( 8 % )                        ;
;     Total combinational functions  ; 11,344 / 149,760 ( 8 % )                        ;
;     Dedicated logic registers      ; 11,232 / 149,760 ( 8 % )                        ;
; Total registers                    ; 11232                                           ;
; Total pins                         ; 268 / 508 ( 53 % )                              ;
; Total virtual pins                 ; 0                                               ;
; Total memory bits                  ; 4,194,304 / 6,635,520 ( 63 % )                  ;
; Embedded Multiplier 9-bit elements ; 0 / 720 ( 0 % )                                 ;
; Total GXB Receiver Channel PCS     ; 0 / 8 ( 0 % )                                   ;
; Total GXB Receiver Channel PMA     ; 0 / 8 ( 0 % )                                   ;
; Total GXB Transmitter Channel PCS  ; 0 / 8 ( 0 % )                                   ;
; Total GXB Transmitter Channel PMA  ; 0 / 8 ( 0 % )                                   ;
; Total PLLs                         ; 0 / 8 ( 0 % )                                   ;
+------------------------------------+-------------------------------------------------+


+-----------------------------------------+
; Flow Settings                           ;
+-------------------+---------------------+
; Option            ; Setting             ;
+-------------------+---------------------+
; Start date & time ; 10/17/2017 14:02:18 ;
; Main task         ; Compilation         ;
; Revision Name     ; DE2Gen1x1If64       ;
+-------------------+---------------------+


+---------------------------------------------------------------------------------------------------------------------------------------------+
; Flow Non-Default Global Settings                                                                                                            ;
+-------------------------------------+----------------------------------------+---------------+-----------------------------+----------------+
; Assignment Name                     ; Value                                  ; Default Value ; Entity Name                 ; Section Id     ;
+-------------------------------------+----------------------------------------+---------------+-----------------------------+----------------+
; COMPILER_SIGNATURE_ID               ; 264390072508256.150825973708416        ; --            ; --                          ; --             ;
; EDA_OUTPUT_DATA_FORMAT              ; Verilog Hdl                            ; --            ; --                          ; eda_simulation ;
; EDA_SIMULATION_TOOL                 ; ModelSim-Altera (Verilog)              ; <None>        ; --                          ; --             ;
; MAX_CORE_JUNCTION_TEMP              ; 85                                     ; --            ; --                          ; --             ;
; MIN_CORE_JUNCTION_TEMP              ; 0                                      ; --            ; --                          ; --             ;
; NOMINAL_CORE_SUPPLY_VOLTAGE         ; 1.2V                                   ; --            ; --                          ; --             ;
; PARTITION_COLOR                     ; -- (Not supported for targeted family) ; --            ; control_unit_platedetection ; Top            ;
; PARTITION_FITTER_PRESERVATION_LEVEL ; -- (Not supported for targeted family) ; --            ; control_unit_platedetection ; Top            ;
; PARTITION_NETLIST_TYPE              ; -- (Not supported for targeted family) ; --            ; control_unit_platedetection ; Top            ;
; POWER_BOARD_THERMAL_MODEL           ; None (CONSERVATIVE)                    ; --            ; --                          ; --             ;
; POWER_PRESET_COOLING_SOLUTION       ; 23 MM HEAT SINK WITH 200 LFPM AIRFLOW  ; --            ; --                          ; --             ;
; PROJECT_OUTPUT_DIRECTORY            ; ../bit/                                ; --            ; --                          ; --             ;
; SEARCH_PATH                         ; ../../../../riffa_hdl                  ; --            ; --                          ; --             ;
; TOP_LEVEL_ENTITY                    ; control_unit_platedetection            ; DE2Gen1x1If64 ; --                          ; --             ;
; VERILOG_INPUT_VERSION               ; SystemVerilog_2005                     ; Verilog_2001  ; --                          ; --             ;
; VERILOG_SHOW_LMF_MAPPING_MESSAGES   ; Off                                    ; --            ; --                          ; --             ;
+-------------------------------------+----------------------------------------+---------------+-----------------------------+----------------+


+-------------------------------------------------------------------------------------------------------------------------------+
; Flow Elapsed Time                                                                                                             ;
+---------------------------+--------------+-------------------------+---------------------+------------------------------------+
; Module Name               ; Elapsed Time ; Average Processors Used ; Peak Virtual Memory ; Total CPU Time (on all processors) ;
+---------------------------+--------------+-------------------------+---------------------+------------------------------------+
; Analysis & Synthesis      ; 00:01:11     ; 1.0                     ; 898 MB              ; 00:01:22                           ;
; Fitter                    ; 00:07:22     ; 1.0                     ; 1779 MB             ; 00:09:16                           ;
; Assembler                 ; 00:00:29     ; 1.0                     ; 698 MB              ; 00:00:09                           ;
; TimeQuest Timing Analyzer ; 00:00:27     ; 1.3                     ; 914 MB              ; 00:00:16                           ;
; EDA Netlist Writer        ; 00:00:30     ; 1.0                     ; 763 MB              ; 00:00:21                           ;
; Total                     ; 00:09:59     ; --                      ; --                  ; 00:11:24                           ;
+---------------------------+--------------+-------------------------+---------------------+------------------------------------+


+-----------------------------------------------------------------------------------------+
; Flow OS Summary                                                                         ;
+---------------------------+------------------+------------+------------+----------------+
; Module Name               ; Machine Hostname ; OS Name    ; OS Version ; Processor type ;
+---------------------------+------------------+------------+------------+----------------+
; Analysis & Synthesis      ; DESKTOP-IVGOKAP  ; Windows 10 ; 10.0       ; x86_64         ;
; Fitter                    ; DESKTOP-IVGOKAP  ; Windows 10 ; 10.0       ; x86_64         ;
; Assembler                 ; DESKTOP-IVGOKAP  ; Windows 10 ; 10.0       ; x86_64         ;
; TimeQuest Timing Analyzer ; DESKTOP-IVGOKAP  ; Windows 10 ; 10.0       ; x86_64         ;
; EDA Netlist Writer        ; DESKTOP-IVGOKAP  ; Windows 10 ; 10.0       ; x86_64         ;
+---------------------------+------------------+------------+------------+----------------+


------------
; Flow Log ;
------------
quartus_map --read_settings_files=on --write_settings_files=off DE2Gen1x1If64 -c DE2Gen1x1If64
quartus_fit --read_settings_files=off --write_settings_files=off DE2Gen1x1If64 -c DE2Gen1x1If64
quartus_asm --read_settings_files=off --write_settings_files=off DE2Gen1x1If64 -c DE2Gen1x1If64
quartus_sta DE2Gen1x1If64 -c DE2Gen1x1If64
quartus_eda --read_settings_files=off --write_settings_files=off DE2Gen1x1If64 -c DE2Gen1x1If64



