Assembler report for DE2Gen1x1If64
Tue Oct 17 14:11:19 2017
Quartus Prime Version 17.0.0 Build 595 04/25/2017 SJ Standard Edition


---------------------
; Table of Contents ;
---------------------
  1. Legal Notice
  2. Assembler Summary
  3. Assembler Settings
  4. Assembler Generated Files
  5. Assembler Device Options: D:/Projetos/TG/hw/riffa_2.2.2/source/fpga/altera/de2i/DE2Gen1x1If64/bit/DE2Gen1x1If64.sof
  6. Assembler Messages



----------------
; Legal Notice ;
----------------
Copyright (C) 2017  Intel Corporation. All rights reserved.
Your use of Intel Corporation's design tools, logic functions 
and other software and tools, and its AMPP partner logic 
functions, and any output files from any of the foregoing 
(including device programming or simulation files), and any 
associated documentation or information are expressly subject 
to the terms and conditions of the Intel Program License 
Subscription Agreement, the Intel Quartus Prime License Agreement,
the Intel MegaCore Function License Agreement, or other 
applicable license agreement, including, without limitation, 
that your use is for the sole purpose of programming logic 
devices manufactured by Intel and sold by Intel or its 
authorized distributors.  Please refer to the applicable 
agreement for further details.



+---------------------------------------------------------------+
; Assembler Summary                                             ;
+-----------------------+---------------------------------------+
; Assembler Status      ; Successful - Tue Oct 17 14:11:19 2017 ;
; Revision Name         ; DE2Gen1x1If64                         ;
; Top-level Entity Name ; control_unit_platedetection           ;
; Family                ; Cyclone IV GX                         ;
; Device                ; EP4CGX150DF31C7                       ;
+-----------------------+---------------------------------------+


+----------------------------------+
; Assembler Settings               ;
+--------+---------+---------------+
; Option ; Setting ; Default Value ;
+--------+---------+---------------+


+-------------------------------------------------------------------------------------------+
; Assembler Generated Files                                                                 ;
+-------------------------------------------------------------------------------------------+
; File Name                                                                                 ;
+-------------------------------------------------------------------------------------------+
; D:/Projetos/TG/hw/riffa_2.2.2/source/fpga/altera/de2i/DE2Gen1x1If64/bit/DE2Gen1x1If64.sof ;
+-------------------------------------------------------------------------------------------+


+---------------------------------------------------------------------------------------------------------------------+
; Assembler Device Options: D:/Projetos/TG/hw/riffa_2.2.2/source/fpga/altera/de2i/DE2Gen1x1If64/bit/DE2Gen1x1If64.sof ;
+----------------+----------------------------------------------------------------------------------------------------+
; Option         ; Setting                                                                                            ;
+----------------+----------------------------------------------------------------------------------------------------+
; JTAG usercode  ; 0x00EFE1EB                                                                                         ;
; Checksum       ; 0x00EFE1EB                                                                                         ;
+----------------+----------------------------------------------------------------------------------------------------+


+--------------------+
; Assembler Messages ;
+--------------------+
Info: *******************************************************************
Info: Running Quartus Prime Assembler
    Info: Version 17.0.0 Build 595 04/25/2017 SJ Standard Edition
    Info: Processing started: Tue Oct 17 14:10:50 2017
Info: Command: quartus_asm --read_settings_files=off --write_settings_files=off DE2Gen1x1If64 -c DE2Gen1x1If64
Warning (125092): Tcl Script File ../ip/ALTGXPCIeGen1x1.qip not found
    Info (125063): set_global_assignment -name QIP_FILE ../ip/ALTGXPCIeGen1x1.qip
Warning (125092): Tcl Script File ../ip/PCIeGen1x1If64.qip not found
    Info (125063): set_global_assignment -name QIP_FILE ../ip/PCIeGen1x1If64.qip
Warning (125092): Tcl Script File ../ip/ALTPLL50I50O125O250O.qip not found
    Info (125063): set_global_assignment -name QIP_FILE ../ip/ALTPLL50I50O125O250O.qip
Warning (18236): Number of processors has not been specified which may cause overloading on shared machines.  Set the global assignment NUM_PARALLEL_PROCESSORS in your QSF to an appropriate value for best performance.
Info (115031): Writing out detailed assembly data for power analysis
Info (115030): Assembler is generating device programming files
Info: Quartus Prime Assembler was successful. 0 errors, 4 warnings
    Info: Peak virtual memory: 698 megabytes
    Info: Processing ended: Tue Oct 17 14:11:19 2017
    Info: Elapsed time: 00:00:29
    Info: Total CPU time (on all processors): 00:00:09


